2026-01-30T00:22:56.614+09:00  INFO 2324 --- [Test worker] c.c.CarMoneyPitApplicationTests          : Starting CarMoneyPitApplicationTests using Java 17.0.17 with PID 2324 (started by tlsgu in C:\Development\Owner\CarMoneyPit)
2026-01-30T00:22:56.621+09:00 DEBUG 2324 --- [Test worker] c.c.CarMoneyPitApplicationTests          : Running with Spring Boot v3.5.10, Spring v6.2.15
2026-01-30T00:22:56.622+09:00  INFO 2324 --- [Test worker] c.c.CarMoneyPitApplicationTests          : No active profile set, falling back to 1 default profile: "default"
2026-01-30T00:22:57.851+09:00  INFO 2324 --- [Test worker] c.c.engine.service.CarDataService        : Loaded 75 car models, 75 reliability profiles, 75 market profiles, 75 fault profiles
2026-01-30T00:22:58.184+09:00  WARN 2324 --- [Test worker] o.s.w.s.resource.ResourceHandlerUtils    : Appended trailing slash to static resource location: classpath:/static/favicon.ico/
2026-01-30T00:22:58.184+09:00  WARN 2324 --- [Test worker] o.s.w.s.resource.ResourceHandlerUtils    : Appended trailing slash to static resource location: classpath:/static/favicon.png/
2026-01-30T00:22:58.370+09:00  INFO 2324 --- [Test worker] c.c.CarMoneyPitApplicationTests          : Started CarMoneyPitApplicationTests in 2.111 seconds (process running for 3.495)
2026-01-30T00:22:59.559+09:00  INFO 2324 --- [Test worker] t.c.s.AnnotationConfigContextLoaderUtils : Could not detect default configuration classes for test class [com.carmoneypit.engine.web.WebLayerTest]: WebLayerTest does not declare any static, non-private, non-final, nested classes annotated with @Configuration.
2026-01-30T00:22:59.647+09:00  INFO 2324 --- [Test worker] .b.t.c.SpringBootTestContextBootstrapper : Found @SpringBootConfiguration com.carmoneypit.CarMoneyPitApplication for test class com.carmoneypit.engine.web.WebLayerTest
2026-01-30T00:22:59.727+09:00  INFO 2324 --- [Test worker] c.carmoneypit.engine.web.WebLayerTest    : Starting WebLayerTest using Java 17.0.17 with PID 2324 (started by tlsgu in C:\Development\Owner\CarMoneyPit)
2026-01-30T00:22:59.728+09:00 DEBUG 2324 --- [Test worker] c.carmoneypit.engine.web.WebLayerTest    : Running with Spring Boot v3.5.10, Spring v6.2.15
2026-01-30T00:22:59.728+09:00  INFO 2324 --- [Test worker] c.carmoneypit.engine.web.WebLayerTest    : No active profile set, falling back to 1 default profile: "default"
2026-01-30T00:23:00.243+09:00  WARN 2324 --- [Test worker] o.s.w.s.resource.ResourceHandlerUtils    : Appended trailing slash to static resource location: classpath:/static/favicon.ico/
2026-01-30T00:23:00.243+09:00  WARN 2324 --- [Test worker] o.s.w.s.resource.ResourceHandlerUtils    : Appended trailing slash to static resource location: classpath:/static/favicon.png/
2026-01-30T00:23:00.312+09:00  INFO 2324 --- [Test worker] o.s.b.t.m.w.SpringBootMockServletContext : Initializing Spring TestDispatcherServlet ''
2026-01-30T00:23:00.312+09:00  INFO 2324 --- [Test worker] o.s.t.web.servlet.TestDispatcherServlet  : Initializing Servlet ''
2026-01-30T00:23:00.315+09:00  INFO 2324 --- [Test worker] o.s.t.web.servlet.TestDispatcherServlet  : Completed initialization in 1 ms
2026-01-30T00:23:00.344+09:00  INFO 2324 --- [Test worker] c.carmoneypit.engine.web.WebLayerTest    : Started WebLayerTest in 0.686 seconds (process running for 5.469)
2026-01-30T00:23:00.555+09:00  WARN 2324 --- [Test worker] .w.s.m.s.DefaultHandlerExceptionResolver : Resolved [org.springframework.web.bind.MissingServletRequestParameterException: Required request parameter 'brand' for method parameter type CarBrand is not present]
2026-01-30T00:23:00.603+09:00  WARN 2324 --- [Test worker] .w.s.m.s.DefaultHandlerExceptionResolver : Resolved [org.springframework.web.bind.MissingServletRequestParameterException: Required request parameter 'brand' for method parameter type CarBrand is not present]
2026-01-30T00:23:00.660+09:00  WARN 2324 --- [Test worker] .w.s.m.s.DefaultHandlerExceptionResolver : Resolved [org.springframework.web.bind.MissingServletRequestParameterException: Required request parameter 'brand' for method parameter type CarBrand is not present]
2026-01-30T00:34:13.625+09:00  INFO 22216 --- [Test worker] c.carmoneypit.engine.web.WebLayerTest    : Starting WebLayerTest using Java 17.0.17 with PID 22216 (started by tlsgu in C:\Development\Owner\CarMoneyPit)
2026-01-30T00:34:13.627+09:00 DEBUG 22216 --- [Test worker] c.carmoneypit.engine.web.WebLayerTest    : Running with Spring Boot v3.5.10, Spring v6.2.15
2026-01-30T00:34:13.628+09:00  INFO 22216 --- [Test worker] c.carmoneypit.engine.web.WebLayerTest    : No active profile set, falling back to 1 default profile: "default"
2026-01-30T00:34:14.856+09:00  WARN 22216 --- [Test worker] o.s.w.s.resource.ResourceHandlerUtils    : Appended trailing slash to static resource location: classpath:/static/favicon.ico/
2026-01-30T00:34:14.857+09:00  WARN 22216 --- [Test worker] o.s.w.s.resource.ResourceHandlerUtils    : Appended trailing slash to static resource location: classpath:/static/favicon.png/
2026-01-30T00:34:15.015+09:00  INFO 22216 --- [Test worker] o.s.b.t.m.w.SpringBootMockServletContext : Initializing Spring TestDispatcherServlet ''
2026-01-30T00:34:15.016+09:00  INFO 22216 --- [Test worker] o.s.t.web.servlet.TestDispatcherServlet  : Initializing Servlet ''
2026-01-30T00:34:15.018+09:00  INFO 22216 --- [Test worker] o.s.t.web.servlet.TestDispatcherServlet  : Completed initialization in 2 ms
2026-01-30T00:34:15.069+09:00  INFO 22216 --- [Test worker] c.carmoneypit.engine.web.WebLayerTest    : Started WebLayerTest in 1.943 seconds (process running for 5.048)
2026-01-30T00:34:15.299+09:00  INFO 22216 --- [Test worker] t.c.s.AnnotationConfigContextLoaderUtils : Could not detect default configuration classes for test class [com.carmoneypit.CarMoneyPitApplicationTests]: CarMoneyPitApplicationTests does not declare any static, non-private, non-final, nested classes annotated with @Configuration.
2026-01-30T00:34:15.314+09:00  INFO 22216 --- [Test worker] .b.t.c.SpringBootTestContextBootstrapper : Found @SpringBootConfiguration com.carmoneypit.CarMoneyPitApplication for test class com.carmoneypit.CarMoneyPitApplicationTests
2026-01-30T00:34:15.354+09:00  INFO 22216 --- [Test worker] c.c.CarMoneyPitApplicationTests          : Starting CarMoneyPitApplicationTests using Java 17.0.17 with PID 22216 (started by tlsgu in C:\Development\Owner\CarMoneyPit)
2026-01-30T00:34:15.354+09:00 DEBUG 22216 --- [Test worker] c.c.CarMoneyPitApplicationTests          : Running with Spring Boot v3.5.10, Spring v6.2.15
2026-01-30T00:34:15.354+09:00  INFO 22216 --- [Test worker] c.c.CarMoneyPitApplicationTests          : No active profile set, falling back to 1 default profile: "default"
2026-01-30T00:34:15.815+09:00  INFO 22216 --- [Test worker] c.c.engine.service.CarDataService        : Loaded 75 car models, 75 reliability profiles, 75 market profiles, 75 fault profiles
2026-01-30T00:34:15.995+09:00  WARN 22216 --- [Test worker] o.s.w.s.resource.ResourceHandlerUtils    : Appended trailing slash to static resource location: classpath:/static/favicon.ico/
2026-01-30T00:34:15.995+09:00  WARN 22216 --- [Test worker] o.s.w.s.resource.ResourceHandlerUtils    : Appended trailing slash to static resource location: classpath:/static/favicon.png/
2026-01-30T00:34:16.076+09:00  INFO 22216 --- [Test worker] c.c.CarMoneyPitApplicationTests          : Started CarMoneyPitApplicationTests in 0.755 seconds (process running for 6.055)
2026-01-30T00:35:11.582+09:00  INFO 14392 --- [Test worker] c.carmoneypit.engine.web.WebLayerTest    : Starting WebLayerTest using Java 17.0.17 with PID 14392 (started by tlsgu in C:\Development\Owner\CarMoneyPit)
2026-01-30T00:35:11.585+09:00 DEBUG 14392 --- [Test worker] c.carmoneypit.engine.web.WebLayerTest    : Running with Spring Boot v3.5.10, Spring v6.2.15
2026-01-30T00:35:11.586+09:00  INFO 14392 --- [Test worker] c.carmoneypit.engine.web.WebLayerTest    : No active profile set, falling back to 1 default profile: "default"
2026-01-30T00:35:12.758+09:00  WARN 14392 --- [Test worker] o.s.w.s.resource.ResourceHandlerUtils    : Appended trailing slash to static resource location: classpath:/static/favicon.ico/
2026-01-30T00:35:12.759+09:00  WARN 14392 --- [Test worker] o.s.w.s.resource.ResourceHandlerUtils    : Appended trailing slash to static resource location: classpath:/static/favicon.png/
2026-01-30T00:35:12.923+09:00  INFO 14392 --- [Test worker] o.s.b.t.m.w.SpringBootMockServletContext : Initializing Spring TestDispatcherServlet ''
2026-01-30T00:35:12.923+09:00  INFO 14392 --- [Test worker] o.s.t.web.servlet.TestDispatcherServlet  : Initializing Servlet ''
2026-01-30T00:35:12.926+09:00  INFO 14392 --- [Test worker] o.s.t.web.servlet.TestDispatcherServlet  : Completed initialization in 3 ms
2026-01-30T00:35:12.978+09:00  INFO 14392 --- [Test worker] c.carmoneypit.engine.web.WebLayerTest    : Started WebLayerTest in 1.907 seconds (process running for 4.98)
2026-01-30T00:35:13.213+09:00  INFO 14392 --- [Test worker] t.c.s.AnnotationConfigContextLoaderUtils : Could not detect default configuration classes for test class [com.carmoneypit.CarMoneyPitApplicationTests]: CarMoneyPitApplicationTests does not declare any static, non-private, non-final, nested classes annotated with @Configuration.
2026-01-30T00:35:13.222+09:00  INFO 14392 --- [Test worker] .b.t.c.SpringBootTestContextBootstrapper : Found @SpringBootConfiguration com.carmoneypit.CarMoneyPitApplication for test class com.carmoneypit.CarMoneyPitApplicationTests
2026-01-30T00:35:13.254+09:00  INFO 14392 --- [Test worker] c.c.CarMoneyPitApplicationTests          : Starting CarMoneyPitApplicationTests using Java 17.0.17 with PID 14392 (started by tlsgu in C:\Development\Owner\CarMoneyPit)
2026-01-30T00:35:13.254+09:00 DEBUG 14392 --- [Test worker] c.c.CarMoneyPitApplicationTests          : Running with Spring Boot v3.5.10, Spring v6.2.15
2026-01-30T00:35:13.255+09:00  INFO 14392 --- [Test worker] c.c.CarMoneyPitApplicationTests          : No active profile set, falling back to 1 default profile: "default"
2026-01-30T00:35:13.658+09:00  INFO 14392 --- [Test worker] c.c.engine.service.CarDataService        : Loaded 75 car models, 75 reliability profiles, 75 market profiles, 75 fault profiles
2026-01-30T00:35:13.837+09:00  WARN 14392 --- [Test worker] o.s.w.s.resource.ResourceHandlerUtils    : Appended trailing slash to static resource location: classpath:/static/favicon.ico/
2026-01-30T00:35:13.837+09:00  WARN 14392 --- [Test worker] o.s.w.s.resource.ResourceHandlerUtils    : Appended trailing slash to static resource location: classpath:/static/favicon.png/
2026-01-30T00:35:13.915+09:00  INFO 14392 --- [Test worker] c.c.CarMoneyPitApplicationTests          : Started CarMoneyPitApplicationTests in 0.687 seconds (process running for 5.917)
2026-01-30T00:36:57.500+09:00  INFO 4984 --- [Test worker] c.carmoneypit.engine.web.WebLayerTest    : Starting WebLayerTest using Java 17.0.17 with PID 4984 (started by tlsgu in C:\Development\Owner\CarMoneyPit)
2026-01-30T00:36:57.501+09:00 DEBUG 4984 --- [Test worker] c.carmoneypit.engine.web.WebLayerTest    : Running with Spring Boot v3.5.10, Spring v6.2.15
2026-01-30T00:36:57.503+09:00  INFO 4984 --- [Test worker] c.carmoneypit.engine.web.WebLayerTest    : No active profile set, falling back to 1 default profile: "default"
2026-01-30T00:36:58.773+09:00  WARN 4984 --- [Test worker] o.s.w.s.resource.ResourceHandlerUtils    : Appended trailing slash to static resource location: classpath:/static/favicon.ico/
2026-01-30T00:36:58.774+09:00  WARN 4984 --- [Test worker] o.s.w.s.resource.ResourceHandlerUtils    : Appended trailing slash to static resource location: classpath:/static/favicon.png/
2026-01-30T00:36:58.983+09:00  INFO 4984 --- [Test worker] o.s.b.t.m.w.SpringBootMockServletContext : Initializing Spring TestDispatcherServlet ''
2026-01-30T00:36:58.984+09:00  INFO 4984 --- [Test worker] o.s.t.web.servlet.TestDispatcherServlet  : Initializing Servlet ''
2026-01-30T00:36:58.986+09:00  INFO 4984 --- [Test worker] o.s.t.web.servlet.TestDispatcherServlet  : Completed initialization in 2 ms
2026-01-30T00:36:59.072+09:00  INFO 4984 --- [Test worker] c.carmoneypit.engine.web.WebLayerTest    : Started WebLayerTest in 2.121 seconds (process running for 5.717)
2026-01-30T00:36:59.297+09:00  INFO 4984 --- [Test worker] t.c.s.AnnotationConfigContextLoaderUtils : Could not detect default configuration classes for test class [com.carmoneypit.CarMoneyPitApplicationTests]: CarMoneyPitApplicationTests does not declare any static, non-private, non-final, nested classes annotated with @Configuration.
2026-01-30T00:36:59.309+09:00  INFO 4984 --- [Test worker] .b.t.c.SpringBootTestContextBootstrapper : Found @SpringBootConfiguration com.carmoneypit.CarMoneyPitApplication for test class com.carmoneypit.CarMoneyPitApplicationTests
2026-01-30T00:36:59.345+09:00  INFO 4984 --- [Test worker] c.c.CarMoneyPitApplicationTests          : Starting CarMoneyPitApplicationTests using Java 17.0.17 with PID 4984 (started by tlsgu in C:\Development\Owner\CarMoneyPit)
2026-01-30T00:36:59.345+09:00 DEBUG 4984 --- [Test worker] c.c.CarMoneyPitApplicationTests          : Running with Spring Boot v3.5.10, Spring v6.2.15
2026-01-30T00:36:59.345+09:00  INFO 4984 --- [Test worker] c.c.CarMoneyPitApplicationTests          : No active profile set, falling back to 1 default profile: "default"
2026-01-30T00:36:59.829+09:00  INFO 4984 --- [Test worker] c.c.engine.service.CarDataService        : Loaded 75 car models, 75 reliability profiles, 75 market profiles, 75 fault profiles
2026-01-30T00:37:00.029+09:00  WARN 4984 --- [Test worker] o.s.w.s.resource.ResourceHandlerUtils    : Appended trailing slash to static resource location: classpath:/static/favicon.ico/
2026-01-30T00:37:00.031+09:00  WARN 4984 --- [Test worker] o.s.w.s.resource.ResourceHandlerUtils    : Appended trailing slash to static resource location: classpath:/static/favicon.png/
2026-01-30T00:37:00.125+09:00  INFO 4984 --- [Test worker] c.c.CarMoneyPitApplicationTests          : Started CarMoneyPitApplicationTests in 0.807 seconds (process running for 6.77)
2026-01-30T12:58:12.819+09:00  INFO 32360 --- [main] com.carmoneypit.CarMoneyPitApplication   : Starting CarMoneyPitApplication using Java 17.0.17 with PID 32360 (C:\Development\Owner\CarMoneyPit\build\classes\java\main started by tlsgu in C:\Development\Owner\CarMoneyPit)
2026-01-30T12:58:12.822+09:00 DEBUG 32360 --- [main] com.carmoneypit.CarMoneyPitApplication   : Running with Spring Boot v3.5.10, Spring v6.2.15
2026-01-30T12:58:12.824+09:00  INFO 32360 --- [main] com.carmoneypit.CarMoneyPitApplication   : No active profile set, falling back to 1 default profile: "default"
2026-01-30T12:58:15.109+09:00  INFO 32360 --- [main] o.s.b.w.embedded.tomcat.TomcatWebServer  : Tomcat initialized with port 8080 (http)
2026-01-30T12:58:15.137+09:00  INFO 32360 --- [main] o.apache.catalina.core.StandardService   : Starting service [Tomcat]
2026-01-30T12:58:15.138+09:00  INFO 32360 --- [main] o.apache.catalina.core.StandardEngine    : Starting Servlet engine: [Apache Tomcat/10.1.50]
2026-01-30T12:58:15.247+09:00  INFO 32360 --- [main] o.a.c.c.C.[Tomcat].[localhost].[/]       : Initializing Spring embedded WebApplicationContext
2026-01-30T12:58:15.247+09:00  INFO 32360 --- [main] w.s.c.ServletWebServerApplicationContext : Root WebApplicationContext: initialization completed in 2348 ms
2026-01-30T12:58:15.596+09:00  INFO 32360 --- [main] c.c.engine.service.CarDataService        : Loaded 75 car models, 75 reliability profiles, 75 market profiles, 75 fault profiles
2026-01-30T12:58:15.836+09:00  WARN 32360 --- [main] o.s.w.s.resource.ResourceHandlerUtils    : Appended trailing slash to static resource location: classpath:/static/favicon.ico/
2026-01-30T12:58:15.836+09:00  WARN 32360 --- [main] o.s.w.s.resource.ResourceHandlerUtils    : Appended trailing slash to static resource location: classpath:/static/favicon.png/
2026-01-30T12:58:16.062+09:00  INFO 32360 --- [main] o.s.b.w.embedded.tomcat.TomcatWebServer  : Tomcat started on port 8080 (http) with context path '/'
2026-01-30T12:58:16.071+09:00  INFO 32360 --- [main] com.carmoneypit.CarMoneyPitApplication   : Started CarMoneyPitApplication in 4.047 seconds (process running for 4.548)
2026-01-30T12:58:16.973+09:00  INFO 32360 --- [http-nio-8080-exec-1] o.a.c.c.C.[Tomcat].[localhost].[/]       : Initializing Spring DispatcherServlet 'dispatcherServlet'
2026-01-30T12:58:16.974+09:00  INFO 32360 --- [http-nio-8080-exec-1] o.s.web.servlet.DispatcherServlet        : Initializing Servlet 'dispatcherServlet'
2026-01-30T12:58:16.976+09:00  INFO 32360 --- [http-nio-8080-exec-1] o.s.web.servlet.DispatcherServlet        : Completed initialization in 2 ms
2026-01-30T13:02:26.991+09:00  WARN 32360 --- [http-nio-8080-exec-3] .w.s.m.s.DefaultHandlerExceptionResolver : Resolved [org.springframework.web.HttpRequestMethodNotSupportedException: Request method 'POST' is not supported]
2026-01-30T13:25:52.082+09:00  INFO 26024 --- [main] com.carmoneypit.CarMoneyPitApplication   : Starting CarMoneyPitApplication using Java 17.0.17 with PID 26024 (C:\Development\Owner\CarMoneyPit\build\classes\java\main started by tlsgu in C:\Development\Owner\CarMoneyPit)
2026-01-30T13:25:52.088+09:00 DEBUG 26024 --- [main] com.carmoneypit.CarMoneyPitApplication   : Running with Spring Boot v3.5.10, Spring v6.2.15
2026-01-30T13:25:52.090+09:00  INFO 26024 --- [main] com.carmoneypit.CarMoneyPitApplication   : No active profile set, falling back to 1 default profile: "default"
2026-01-30T13:25:55.094+09:00  INFO 26024 --- [main] o.s.b.w.embedded.tomcat.TomcatWebServer  : Tomcat initialized with port 8080 (http)
2026-01-30T13:25:55.130+09:00  INFO 26024 --- [main] o.apache.catalina.core.StandardService   : Starting service [Tomcat]
2026-01-30T13:25:55.131+09:00  INFO 26024 --- [main] o.apache.catalina.core.StandardEngine    : Starting Servlet engine: [Apache Tomcat/10.1.50]
2026-01-30T13:25:55.306+09:00  INFO 26024 --- [main] o.a.c.c.C.[Tomcat].[localhost].[/]       : Initializing Spring embedded WebApplicationContext
2026-01-30T13:25:55.308+09:00  INFO 26024 --- [main] w.s.c.ServletWebServerApplicationContext : Root WebApplicationContext: initialization completed in 3134 ms
2026-01-30T13:25:55.942+09:00  INFO 26024 --- [main] c.c.engine.service.CarDataService        : Loaded 75 car models, 75 reliability profiles, 75 market profiles, 75 fault profiles
2026-01-30T13:25:56.326+09:00  WARN 26024 --- [main] o.s.w.s.resource.ResourceHandlerUtils    : Appended trailing slash to static resource location: classpath:/static/favicon.ico/
2026-01-30T13:25:56.327+09:00  WARN 26024 --- [main] o.s.w.s.resource.ResourceHandlerUtils    : Appended trailing slash to static resource location: classpath:/static/favicon.png/
2026-01-30T13:25:56.625+09:00  INFO 26024 --- [main] o.s.b.w.embedded.tomcat.TomcatWebServer  : Tomcat started on port 8080 (http) with context path '/'
2026-01-30T13:25:56.644+09:00  INFO 26024 --- [main] com.carmoneypit.CarMoneyPitApplication   : Started CarMoneyPitApplication in 6.245 seconds (process running for 6.971)
2026-01-30T13:26:26.806+09:00  INFO 26024 --- [http-nio-8080-exec-1] o.a.c.c.C.[Tomcat].[localhost].[/]       : Initializing Spring DispatcherServlet 'dispatcherServlet'
2026-01-30T13:26:26.808+09:00  INFO 26024 --- [http-nio-8080-exec-1] o.s.web.servlet.DispatcherServlet        : Initializing Servlet 'dispatcherServlet'
2026-01-30T13:26:26.810+09:00  INFO 26024 --- [http-nio-8080-exec-1] o.s.web.servlet.DispatcherServlet        : Completed initialization in 2 ms
2026-01-30T13:36:37.491+09:00  WARN 26024 --- [http-nio-8080-exec-8] .w.s.m.s.DefaultHandlerExceptionResolver : Resolved [org.springframework.web.HttpRequestMethodNotSupportedException: Request method 'POST' is not supported]
2026-01-30T13:42:09.709+09:00  WARN 26024 --- [http-nio-8080-exec-5] .w.s.m.s.DefaultHandlerExceptionResolver : Resolved [org.springframework.web.HttpRequestMethodNotSupportedException: Request method 'POST' is not supported]
2026-01-30T13:42:56.723+09:00  WARN 26024 --- [http-nio-8080-exec-2] .w.s.m.s.DefaultHandlerExceptionResolver : Resolved [org.springframework.web.HttpRequestMethodNotSupportedException: Request method 'POST' is not supported]
2026-01-30T13:48:15.746+09:00  INFO 31960 --- [main] com.carmoneypit.CarMoneyPitApplication   : Starting CarMoneyPitApplication v0.0.1-SNAPSHOT using Java 23 with PID 31960 (C:\Development\Owner\CarMoneyPit\build\libs\app.jar started by tlsgu in C:\Development\Owner\CarMoneyPit)
2026-01-30T13:48:15.750+09:00 DEBUG 31960 --- [main] com.carmoneypit.CarMoneyPitApplication   : Running with Spring Boot v3.5.10, Spring v6.2.15
2026-01-30T13:48:15.752+09:00  INFO 31960 --- [main] com.carmoneypit.CarMoneyPitApplication   : No active profile set, falling back to 1 default profile: "default"
2026-01-30T13:48:17.416+09:00  INFO 31960 --- [main] o.s.b.w.embedded.tomcat.TomcatWebServer  : Tomcat initialized with port 8080 (http)
2026-01-30T13:48:17.437+09:00  INFO 31960 --- [main] o.apache.catalina.core.StandardService   : Starting service [Tomcat]
2026-01-30T13:48:17.438+09:00  INFO 31960 --- [main] o.apache.catalina.core.StandardEngine    : Starting Servlet engine: [Apache Tomcat/10.1.50]
2026-01-30T13:48:17.484+09:00  INFO 31960 --- [main] o.a.c.c.C.[Tomcat].[localhost].[/]       : Initializing Spring embedded WebApplicationContext
2026-01-30T13:48:17.485+09:00  INFO 31960 --- [main] w.s.c.ServletWebServerApplicationContext : Root WebApplicationContext: initialization completed in 1599 ms
2026-01-30T13:48:17.902+09:00  INFO 31960 --- [main] c.c.engine.service.CarDataService        : Loaded 75 car models, 75 reliability profiles, 75 market profiles, 75 fault profiles
2026-01-30T13:48:18.237+09:00  WARN 31960 --- [main] o.s.w.s.resource.ResourceHandlerUtils    : Appended trailing slash to static resource location: classpath:/static/favicon.ico/
2026-01-30T13:48:18.238+09:00  WARN 31960 --- [main] o.s.w.s.resource.ResourceHandlerUtils    : Appended trailing slash to static resource location: classpath:/static/favicon.png/
2026-01-30T13:48:18.493+09:00  INFO 31960 --- [main] o.s.b.w.embedded.tomcat.TomcatWebServer  : Tomcat started on port 8080 (http) with context path '/'
2026-01-30T13:48:18.520+09:00  INFO 31960 --- [main] com.carmoneypit.CarMoneyPitApplication   : Started CarMoneyPitApplication in 3.572 seconds (process running for 4.523)
2026-01-30T13:49:05.582+09:00  INFO 31960 --- [http-nio-8080-exec-1] o.a.c.c.C.[Tomcat].[localhost].[/]       : Initializing Spring DispatcherServlet 'dispatcherServlet'
2026-01-30T13:49:05.583+09:00  INFO 31960 --- [http-nio-8080-exec-1] o.s.web.servlet.DispatcherServlet        : Initializing Servlet 'dispatcherServlet'
2026-01-30T13:49:05.585+09:00  INFO 31960 --- [http-nio-8080-exec-1] o.s.web.servlet.DispatcherServlet        : Completed initialization in 1 ms
2026-01-30T13:50:00.149+09:00  WARN 31960 --- [http-nio-8080-exec-6] .w.s.m.s.DefaultHandlerExceptionResolver : Resolved [org.springframework.web.HttpRequestMethodNotSupportedException: Request method 'POST' is not supported]
2026-01-30T13:51:42.902+09:00  WARN 31960 --- [http-nio-8080-exec-6] .w.s.m.s.DefaultHandlerExceptionResolver : Resolved [org.springframework.web.HttpRequestMethodNotSupportedException: Request method 'POST' is not supported]
2026-01-30T13:52:48.221+09:00  WARN 31960 --- [http-nio-8080-exec-2] .w.s.m.s.DefaultHandlerExceptionResolver : Resolved [org.springframework.web.HttpRequestMethodNotSupportedException: Request method 'POST' is not supported]
2026-01-30T14:05:18.530+09:00  INFO 10164 --- [Test worker] c.c.engine.core.CrvAnalysisTest          : Starting CrvAnalysisTest using Java 17.0.17 with PID 10164 (started by tlsgu in C:\Development\Owner\CarMoneyPit)
2026-01-30T14:05:18.531+09:00 DEBUG 10164 --- [Test worker] c.c.engine.core.CrvAnalysisTest          : Running with Spring Boot v3.5.10, Spring v6.2.15
2026-01-30T14:05:18.532+09:00  INFO 10164 --- [Test worker] c.c.engine.core.CrvAnalysisTest          : No active profile set, falling back to 1 default profile: "default"
2026-01-30T14:05:20.447+09:00  INFO 10164 --- [Test worker] c.c.engine.service.CarDataService        : Loaded 75 car models, 75 reliability profiles, 75 market profiles, 75 fault profiles
2026-01-30T14:05:20.891+09:00  WARN 10164 --- [Test worker] o.s.w.s.resource.ResourceHandlerUtils    : Appended trailing slash to static resource location: classpath:/static/favicon.ico/
2026-01-30T14:05:20.892+09:00  WARN 10164 --- [Test worker] o.s.w.s.resource.ResourceHandlerUtils    : Appended trailing slash to static resource location: classpath:/static/favicon.png/
2026-01-30T14:05:21.160+09:00  INFO 10164 --- [Test worker] c.c.engine.core.CrvAnalysisTest          : Started CrvAnalysisTest in 3.08 seconds (process running for 5.067)
2026-01-30T14:41:20.773+09:00  INFO 31252 --- [Test worker] c.c.engine.core.CrvAnalysisTest          : Starting CrvAnalysisTest using Java 17.0.17 with PID 31252 (started by tlsgu in C:\Development\Owner\CarMoneyPit)
2026-01-30T14:41:20.775+09:00 DEBUG 31252 --- [Test worker] c.c.engine.core.CrvAnalysisTest          : Running with Spring Boot v3.5.10, Spring v6.2.15
2026-01-30T14:41:20.777+09:00  INFO 31252 --- [Test worker] c.c.engine.core.CrvAnalysisTest          : No active profile set, falling back to 1 default profile: "default"
2026-01-30T14:41:22.273+09:00  INFO 31252 --- [Test worker] c.c.engine.service.CarDataService        : Loaded 75 car models, 75 reliability profiles, 75 market profiles, 75 fault profiles
2026-01-30T14:41:22.793+09:00  WARN 31252 --- [Test worker] o.s.w.s.resource.ResourceHandlerUtils    : Appended trailing slash to static resource location: classpath:/static/favicon.ico/
2026-01-30T14:41:22.794+09:00  WARN 31252 --- [Test worker] o.s.w.s.resource.ResourceHandlerUtils    : Appended trailing slash to static resource location: classpath:/static/favicon.png/
2026-01-30T14:41:23.073+09:00  INFO 31252 --- [Test worker] c.c.engine.core.CrvAnalysisTest          : Started CrvAnalysisTest in 2.771 seconds (process running for 4.757)
2026-01-30T14:44:50.507+09:00  WARN 31960 --- [http-nio-8080-exec-2] .w.s.m.s.DefaultHandlerExceptionResolver : Resolved [org.springframework.web.HttpRequestMethodNotSupportedException: Request method 'POST' is not supported]
2026-01-30T14:52:46.161+09:00  WARN 31960 --- [http-nio-8080-exec-9] .w.s.m.s.DefaultHandlerExceptionResolver : Resolved [org.springframework.web.HttpRequestMethodNotSupportedException: Request method 'POST' is not supported]
2026-01-30T14:59:22.133+09:00  INFO 24568 --- [main] com.carmoneypit.CarMoneyPitApplication   : Starting CarMoneyPitApplication using Java 17.0.17 with PID 24568 (C:\Development\Owner\CarMoneyPit\build\classes\java\main started by tlsgu in C:\Development\Owner\CarMoneyPit)
2026-01-30T14:59:22.136+09:00 DEBUG 24568 --- [main] com.carmoneypit.CarMoneyPitApplication   : Running with Spring Boot v3.5.10, Spring v6.2.15
2026-01-30T14:59:22.137+09:00  INFO 24568 --- [main] com.carmoneypit.CarMoneyPitApplication   : No active profile set, falling back to 1 default profile: "default"
2026-01-30T14:59:23.716+09:00  INFO 24568 --- [main] o.s.b.w.embedded.tomcat.TomcatWebServer  : Tomcat initialized with port 8080 (http)
2026-01-30T14:59:23.739+09:00  INFO 24568 --- [main] o.apache.catalina.core.StandardService   : Starting service [Tomcat]
2026-01-30T14:59:23.739+09:00  INFO 24568 --- [main] o.apache.catalina.core.StandardEngine    : Starting Servlet engine: [Apache Tomcat/10.1.50]
2026-01-30T14:59:23.830+09:00  INFO 24568 --- [main] o.a.c.c.C.[Tomcat].[localhost].[/]       : Initializing Spring embedded WebApplicationContext
2026-01-30T14:59:23.831+09:00  INFO 24568 --- [main] w.s.c.ServletWebServerApplicationContext : Root WebApplicationContext: initialization completed in 1616 ms
2026-01-30T14:59:24.092+09:00  INFO 24568 --- [main] c.c.engine.service.CarDataService        : Loaded 75 car models, 75 reliability profiles, 75 market profiles, 75 fault profiles
2026-01-30T14:59:24.312+09:00  WARN 24568 --- [main] o.s.w.s.resource.ResourceHandlerUtils    : Appended trailing slash to static resource location: classpath:/static/favicon.ico/
2026-01-30T14:59:24.313+09:00  WARN 24568 --- [main] o.s.w.s.resource.ResourceHandlerUtils    : Appended trailing slash to static resource location: classpath:/static/favicon.png/
2026-01-30T14:59:24.489+09:00  WARN 24568 --- [main] ConfigServletWebServerApplicationContext : Exception encountered during context initialization - cancelling refresh attempt: org.springframework.context.ApplicationContextException: Failed to start bean 'webServerStartStop'
2026-01-30T14:59:24.508+09:00  INFO 24568 --- [main] .s.b.a.l.ConditionEvaluationReportLogger : 

Error starting ApplicationContext. To display the condition evaluation report re-run your application with 'debug' enabled.
2026-01-30T14:59:24.534+09:00 ERROR 24568 --- [main] o.s.b.d.LoggingFailureAnalysisReporter   : 

***************************
APPLICATION FAILED TO START
***************************

Description:

Web server failed to start. Port 8080 was already in use.

Action:

Identify and stop the process that's listening on port 8080 or configure this application to listen on another port.

2026-01-30T14:59:51.133+09:00  INFO 6932 --- [main] com.carmoneypit.CarMoneyPitApplication   : Starting CarMoneyPitApplication using Java 17.0.17 with PID 6932 (C:\Development\Owner\CarMoneyPit\build\classes\java\main started by tlsgu in C:\Development\Owner\CarMoneyPit)
2026-01-30T14:59:51.146+09:00 DEBUG 6932 --- [main] com.carmoneypit.CarMoneyPitApplication   : Running with Spring Boot v3.5.10, Spring v6.2.15
2026-01-30T14:59:51.147+09:00  INFO 6932 --- [main] com.carmoneypit.CarMoneyPitApplication   : No active profile set, falling back to 1 default profile: "default"
2026-01-30T14:59:52.466+09:00  INFO 6932 --- [main] o.s.b.w.embedded.tomcat.TomcatWebServer  : Tomcat initialized with port 8080 (http)
2026-01-30T14:59:52.486+09:00  INFO 6932 --- [main] o.apache.catalina.core.StandardService   : Starting service [Tomcat]
2026-01-30T14:59:52.487+09:00  INFO 6932 --- [main] o.apache.catalina.core.StandardEngine    : Starting Servlet engine: [Apache Tomcat/10.1.50]
2026-01-30T14:59:52.558+09:00  INFO 6932 --- [main] o.a.c.c.C.[Tomcat].[localhost].[/]       : Initializing Spring embedded WebApplicationContext
2026-01-30T14:59:52.559+09:00  INFO 6932 --- [main] w.s.c.ServletWebServerApplicationContext : Root WebApplicationContext: initialization completed in 1352 ms
2026-01-30T14:59:52.820+09:00  INFO 6932 --- [main] c.c.engine.service.CarDataService        : Loaded 75 car models, 75 reliability profiles, 75 market profiles, 75 fault profiles
2026-01-30T14:59:53.028+09:00  WARN 6932 --- [main] o.s.w.s.resource.ResourceHandlerUtils    : Appended trailing slash to static resource location: classpath:/static/favicon.ico/
2026-01-30T14:59:53.030+09:00  WARN 6932 --- [main] o.s.w.s.resource.ResourceHandlerUtils    : Appended trailing slash to static resource location: classpath:/static/favicon.png/
2026-01-30T14:59:53.233+09:00  INFO 6932 --- [main] o.s.b.w.embedded.tomcat.TomcatWebServer  : Tomcat started on port 8080 (http) with context path '/'
2026-01-30T14:59:53.244+09:00  INFO 6932 --- [main] com.carmoneypit.CarMoneyPitApplication   : Started CarMoneyPitApplication in 2.721 seconds (process running for 3.131)
2026-01-30T15:00:03.273+09:00  INFO 6932 --- [http-nio-8080-exec-1] o.a.c.c.C.[Tomcat].[localhost].[/]       : Initializing Spring DispatcherServlet 'dispatcherServlet'
2026-01-30T15:00:03.274+09:00  INFO 6932 --- [http-nio-8080-exec-1] o.s.web.servlet.DispatcherServlet        : Initializing Servlet 'dispatcherServlet'
2026-01-30T15:00:03.276+09:00  INFO 6932 --- [http-nio-8080-exec-1] o.s.web.servlet.DispatcherServlet        : Completed initialization in 2 ms
2026-01-30T15:01:50.637+09:00  WARN 6932 --- [http-nio-8080-exec-7] .w.s.m.s.DefaultHandlerExceptionResolver : Resolved [org.springframework.web.HttpRequestMethodNotSupportedException: Request method 'POST' is not supported]
2026-01-30T15:17:41.531+09:00  INFO 26816 --- [Test worker] c.c.CarMoneyPitApplicationTests          : Starting CarMoneyPitApplicationTests using Java 17.0.17 with PID 26816 (started by tlsgu in C:\Development\Owner\CarMoneyPit)
2026-01-30T15:17:41.532+09:00 DEBUG 26816 --- [Test worker] c.c.CarMoneyPitApplicationTests          : Running with Spring Boot v3.5.10, Spring v6.2.15
2026-01-30T15:17:41.533+09:00  INFO 26816 --- [Test worker] c.c.CarMoneyPitApplicationTests          : No active profile set, falling back to 1 default profile: "default"
2026-01-30T15:17:42.546+09:00  INFO 26816 --- [Test worker] c.c.engine.service.CarDataService        : Loaded 75 car models, 75 reliability profiles, 75 market profiles, 75 fault profiles
2026-01-30T15:17:42.859+09:00  WARN 26816 --- [Test worker] o.s.w.s.resource.ResourceHandlerUtils    : Appended trailing slash to static resource location: classpath:/static/favicon.ico/
2026-01-30T15:17:42.860+09:00  WARN 26816 --- [Test worker] o.s.w.s.resource.ResourceHandlerUtils    : Appended trailing slash to static resource location: classpath:/static/favicon.png/
2026-01-30T15:17:43.044+09:00  INFO 26816 --- [Test worker] c.c.CarMoneyPitApplicationTests          : Started CarMoneyPitApplicationTests in 1.849 seconds (process running for 3.229)
2026-01-30T15:17:44.426+09:00  INFO 26816 --- [Test worker] t.c.s.AnnotationConfigContextLoaderUtils : Could not detect default configuration classes for test class [com.carmoneypit.engine.web.WebLayerTest]: WebLayerTest does not declare any static, non-private, non-final, nested classes annotated with @Configuration.
2026-01-30T15:17:44.519+09:00  INFO 26816 --- [Test worker] .b.t.c.SpringBootTestContextBootstrapper : Found @SpringBootConfiguration com.carmoneypit.CarMoneyPitApplication for test class com.carmoneypit.engine.web.WebLayerTest
2026-01-30T15:17:44.577+09:00  INFO 26816 --- [Test worker] c.carmoneypit.engine.web.WebLayerTest    : Starting WebLayerTest using Java 17.0.17 with PID 26816 (started by tlsgu in C:\Development\Owner\CarMoneyPit)
2026-01-30T15:17:44.578+09:00 DEBUG 26816 --- [Test worker] c.carmoneypit.engine.web.WebLayerTest    : Running with Spring Boot v3.5.10, Spring v6.2.15
2026-01-30T15:17:44.578+09:00  INFO 26816 --- [Test worker] c.carmoneypit.engine.web.WebLayerTest    : No active profile set, falling back to 1 default profile: "default"
2026-01-30T15:17:45.044+09:00  WARN 26816 --- [Test worker] o.s.w.s.resource.ResourceHandlerUtils    : Appended trailing slash to static resource location: classpath:/static/favicon.ico/
2026-01-30T15:17:45.046+09:00  WARN 26816 --- [Test worker] o.s.w.s.resource.ResourceHandlerUtils    : Appended trailing slash to static resource location: classpath:/static/favicon.png/
2026-01-30T15:17:45.094+09:00  INFO 26816 --- [Test worker] o.s.b.t.m.w.SpringBootMockServletContext : Initializing Spring TestDispatcherServlet ''
2026-01-30T15:17:45.094+09:00  INFO 26816 --- [Test worker] o.s.t.web.servlet.TestDispatcherServlet  : Initializing Servlet ''
2026-01-30T15:17:45.096+09:00  INFO 26816 --- [Test worker] o.s.t.web.servlet.TestDispatcherServlet  : Completed initialization in 2 ms
2026-01-30T15:17:45.126+09:00  INFO 26816 --- [Test worker] c.carmoneypit.engine.web.WebLayerTest    : Started WebLayerTest in 0.6 seconds (process running for 5.312)
2026-01-30T15:17:51.996+09:00  INFO 29424 --- [main] com.carmoneypit.CarMoneyPitApplication   : Starting CarMoneyPitApplication using Java 17.0.17 with PID 29424 (C:\Development\Owner\CarMoneyPit\build\classes\java\main started by tlsgu in C:\Development\Owner\CarMoneyPit)
2026-01-30T15:17:51.998+09:00 DEBUG 29424 --- [main] com.carmoneypit.CarMoneyPitApplication   : Running with Spring Boot v3.5.10, Spring v6.2.15
2026-01-30T15:17:51.998+09:00  INFO 29424 --- [main] com.carmoneypit.CarMoneyPitApplication   : No active profile set, falling back to 1 default profile: "default"
2026-01-30T15:17:52.875+09:00  INFO 29424 --- [main] o.s.b.w.embedded.tomcat.TomcatWebServer  : Tomcat initialized with port 8080 (http)
2026-01-30T15:17:52.889+09:00  INFO 29424 --- [main] o.apache.catalina.core.StandardService   : Starting service [Tomcat]
2026-01-30T15:17:52.889+09:00  INFO 29424 --- [main] o.apache.catalina.core.StandardEngine    : Starting Servlet engine: [Apache Tomcat/10.1.50]
2026-01-30T15:17:52.947+09:00  INFO 29424 --- [main] o.a.c.c.C.[Tomcat].[localhost].[/]       : Initializing Spring embedded WebApplicationContext
2026-01-30T15:17:52.948+09:00  INFO 29424 --- [main] w.s.c.ServletWebServerApplicationContext : Root WebApplicationContext: initialization completed in 907 ms
2026-01-30T15:17:53.119+09:00  INFO 29424 --- [main] c.c.engine.service.CarDataService        : Loaded 75 car models, 75 reliability profiles, 75 market profiles, 75 fault profiles
2026-01-30T15:17:53.251+09:00  WARN 29424 --- [main] o.s.w.s.resource.ResourceHandlerUtils    : Appended trailing slash to static resource location: classpath:/static/favicon.ico/
2026-01-30T15:17:53.252+09:00  WARN 29424 --- [main] o.s.w.s.resource.ResourceHandlerUtils    : Appended trailing slash to static resource location: classpath:/static/favicon.png/
2026-01-30T15:17:53.368+09:00  INFO 29424 --- [main] o.s.b.w.embedded.tomcat.TomcatWebServer  : Tomcat started on port 8080 (http) with context path '/'
2026-01-30T15:17:53.375+09:00  INFO 29424 --- [main] com.carmoneypit.CarMoneyPitApplication   : Started CarMoneyPitApplication in 1.808 seconds (process running for 2.101)
2026-01-30T15:18:22.265+09:00  INFO 29424 --- [http-nio-8080-exec-1] o.a.c.c.C.[Tomcat].[localhost].[/]       : Initializing Spring DispatcherServlet 'dispatcherServlet'
2026-01-30T15:18:22.265+09:00  INFO 29424 --- [http-nio-8080-exec-1] o.s.web.servlet.DispatcherServlet        : Initializing Servlet 'dispatcherServlet'
2026-01-30T15:18:22.265+09:00  INFO 29424 --- [http-nio-8080-exec-1] o.s.web.servlet.DispatcherServlet        : Completed initialization in 0 ms
