> Task :generateJte UP-TO-DATE
> Task :compileJava UP-TO-DATE
> Task :processResources UP-TO-DATE
> Task :classes UP-TO-DATE
> Task :compileTestJava UP-TO-DATE
> Task :precompileJte SKIPPED
> Task :processTestResources NO-SOURCE
> Task :testClasses UP-TO-DATE
OpenJDK 64-Bit Server VM warning: Sharing is only supported for boot loader classes because bootstrap classpath has been appended

> Task :test

WebLayerTest > testAnalyze_NoValue_ShouldEstimate() FAILED
    java.lang.AssertionError at WebLayerTest.java:146

10 tests completed, 1 failed

> Task :test FAILED

[Incubating] Problems report is available at: file:///C:/Development/Owner/CarMoneyPit/build/reports/problems/problems-report.html

FAILURE: Build failed with an exception.

* What went wrong:
Execution failed for task ':test'.
> There were failing tests. See the report at: file:///C:/Development/Owner/CarMoneyPit/build/reports/tests/test/index.html

* Try:
> Run with --scan to get full insights.

Deprecated Gradle features were used in this build, making it incompatible with Gradle 9.0.

You can use '--warning-mode all' to show the individual deprecation warnings and determine if they come from your own scripts or plugins.

For more on this, please refer to https://docs.gradle.org/8.14.3/userguide/command_line_interface.html#sec:command_line_warnings in the Gradle documentation.

BUILD FAILED in 8s
5 actionable tasks: 1 executed, 4 up-to-date
